java/build/outputs/logs/manifest-merger-debug-report.txt
-- Merging decision tree log ---
manifest
ADDED from OpencvExample/java/AndroidManifest.xml:2:1-14:12
INJECTED from OpencvExample/java/AndroidManifest.xml:2:1-14:12
INJECTED from OpencvExample/java/AndroidManifest.xml:2:1-14:12
INJECTED from OpencvExample/java/AndroidManifest.xml:2:1-14:12
INJECTED from OpencvExample/java/AndroidManifest.xml:2:1-14:12
INJECTED from OpencvExample/java/AndroidManifest.xml:2:1-14:12
INJECTED from OpencvExample/java/AndroidManifest.xml:2:1-14:12
	package
		ADDED from OpencvExample/java/AndroidManifest.xml:3:7-27
		INJECTED from OpencvExample/java/AndroidManifest.xml
		INJECTED from OpencvExample/java/AndroidManifest.xml
	android:versionName
		ADDED from OpencvExample/java/AndroidManifest.xml:5:7-34
		INJECTED from OpencvExample/java/AndroidManifest.xml
		INJECTED from OpencvExample/java/AndroidManifest.xml
	xmlns:android
		ADDED from OpencvExample/java/AndroidManifest.xml:2:11-69
	android:versionCode
		ADDED from OpencvExample/java/AndroidManifest.xml:4:7-33
		INJECTED from OpencvExample/java/AndroidManifest.xml
		INJECTED from OpencvExample/java/AndroidManifest.xml
uses-permission#android.permission.CAMERA
ADDED from OpencvExample/java/AndroidManifest.xml:7:5-64
	android:name
		ADDED from OpencvExample/java/AndroidManifest.xml:7:22-62
uses-feature#android.hardware.camera
ADDED from OpencvExample/java/AndroidManifest.xml:9:5-84
	android:required
		ADDED from OpencvExample/java/AndroidManifest.xml:9:58-82
	android:name
		ADDED from OpencvExample/java/AndroidManifest.xml:9:19-57
uses-feature#android.hardware.camera.autofocus
ADDED from OpencvExample/java/AndroidManifest.xml:10:5-94
	android:required
		ADDED from OpencvExample/java/AndroidManifest.xml:10:68-92
	android:name
		ADDED from OpencvExample/java/AndroidManifest.xml:10:19-67
uses-feature#android.hardware.camera.front
ADDED from OpencvExample/java/AndroidManifest.xml:11:5-90
	android:required
		ADDED from OpencvExample/java/AndroidManifest.xml:11:64-88
	android:name
		ADDED from OpencvExample/java/AndroidManifest.xml:11:19-63
uses-feature#android.hardware.camera.front.autofocus
ADDED from OpencvExample/java/AndroidManifest.xml:12:5-100
	android:required
		ADDED from OpencvExample/java/AndroidManifest.xml:12:74-98
	android:name
		ADDED from OpencvExample/java/AndroidManifest.xml:12:19-73
uses-sdk
INJECTED from OpencvExample/java/AndroidManifest.xml reason: use-sdk injection requested
INJECTED from OpencvExample/java/AndroidManifest.xml
INJECTED from OpencvExample/java/AndroidManifest.xml
INJECTED from OpencvExample/java/AndroidManifest.xml
INJECTED from OpencvExample/java/AndroidManifest.xml
	android:targetSdkVersion
		INJECTED from OpencvExample/java/AndroidManifest.xml
		ADDED from OpencvExample/java/AndroidManifest.xml
		INJECTED from OpencvExample/java/AndroidManifest.xml
	android:minSdkVersion
		INJECTED from OpencvExample/java/AndroidManifest.xml
		ADDED from OpencvExample/java/AndroidManifest.xml
		INJECTED from OpencvExample/java/AndroidManifest.xml